<?xml version="1.0" encoding="UTF-8"?>
<testsuite xmlns:xsi="http://www.w3.org/2001/XMLSchema-instance" xsi:noNamespaceSchemaLocation="https://maven.apache.org/surefire/maven-surefire-plugin/xsd/surefire-test-report-3.0.xsd" version="3.0" name="com.jjenus.qipi.config.StorageConfigTest$ConfigurationLoadingTests" time="0.023" tests="4" errors="0" skipped="0" failures="0">
  <properties>
[...]
</properties>
  <testcase name="shouldUseDefaultsWhenPropertiesMissing" classname="com.jjenus.qipi.config.StorageConfigTest$ConfigurationLoadingTests" time="0.007"/>
  <testcase name="shouldLoadFromMap" classname="com.jjenus.qipi.config.StorageConfigTest$ConfigurationLoadingTests" time="0.002"/>
  <testcase name="shouldOverrideBuilderWithProperties" classname="com.jjenus.qipi.config.StorageConfigTest$ConfigurationLoadingTests" time="0.002"/>
  <testcase name="shouldLoadFromProperties" classname="com.jjenus.qipi.config.StorageConfigTest$ConfigurationLoadingTests" time="0.001"/>
</testsuite>